2012/09/13 02:59:13 [error] [exception.CHttpException.404] exception 'CHttpException' with message 'Unable to resolve the request "messageg".' in C:\xampp\htdocs\yii\framework\web\CWebApplication.php:287
Stack trace:
#0 C:\xampp\htdocs\yii\framework\web\CWebApplication.php(142): CWebApplication->runController('messageg')
#1 C:\xampp\htdocs\yii\framework\base\CApplication.php(162): CWebApplication->processRequest()
#2 C:\xampp\htdocs\bottlemate\index.php(13): CApplication->run()
#3 {main}
REQUEST_URI=/bottlemate/index.php?r=messageg
---
2012/09/13 03:24:11 [error] [php] Undefined variable: time (C:\xampp\htdocs\bottlemate\protected\views\message\helloWorld.php:8)
Stack trace:
#0 C:\xampp\htdocs\yii\framework\web\CController.php(870): MessageController->renderFile()
#1 C:\xampp\htdocs\yii\framework\web\CController.php(783): MessageController->renderPartial()
#2 C:\xampp\htdocs\bottlemate\protected\controllers\MessageController.php(8): MessageController->render()
#3 C:\xampp\htdocs\yii\framework\web\actions\CInlineAction.php(50): MessageController->actionHelloWorld()
#4 C:\xampp\htdocs\yii\framework\web\CController.php(309): CInlineAction->runWithParams()
#5 C:\xampp\htdocs\yii\framework\web\CController.php(287): MessageController->runAction()
#6 C:\xampp\htdocs\yii\framework\web\CController.php(266): MessageController->runActionWithFilters()
#7 C:\xampp\htdocs\yii\framework\web\CWebApplication.php(283): MessageController->run()
#8 C:\xampp\htdocs\yii\framework\web\CWebApplication.php(142): CWebApplication->runController()
#9 C:\xampp\htdocs\yii\framework\base\CApplication.php(162): CWebApplication->processRequest()
#10 C:\xampp\htdocs\bottlemate\index.php(13): CWebApplication->run()
REQUEST_URI=/bottlemate/index.php?r=message/helloworld
in C:\xampp\htdocs\bottlemate\protected\views\message\helloWorld.php (8)
in C:\xampp\htdocs\bottlemate\protected\controllers\MessageController.php (8)
in C:\xampp\htdocs\bottlemate\index.php (13)
2012/09/13 03:25:46 [error] [exception.CException] exception 'CException' with message 'MessageController cannot find the requested view "Thu Sep 13 3:25:46 CEST 2012".' in C:\xampp\htdocs\yii\framework\web\CController.php:879
Stack trace:
#0 C:\xampp\htdocs\yii\framework\web\CController.php(783): CController->renderPartial('Thu Sep 13 3:25...', NULL, true)
#1 C:\xampp\htdocs\bottlemate\protected\controllers\MessageController.php(14): CController->render('Thu Sep 13 3:25...')
#2 C:\xampp\htdocs\bottlemate\protected\views\message\helloWorld.php(8): MessageController->time()
#3 C:\xampp\htdocs\yii\framework\web\CBaseController.php(127): require('C:\xampp\htdocs...')
#4 C:\xampp\htdocs\yii\framework\web\CBaseController.php(96): CBaseController->renderInternal('C:\xampp\htdocs...', NULL, true)
#5 C:\xampp\htdocs\yii\framework\web\CController.php(870): CBaseController->renderFile('C:\xampp\htdocs...', NULL, true)
#6 C:\xampp\htdocs\yii\framework\web\CController.php(783): CController->renderPartial('helloWorld', NULL, true)
#7 C:\xampp\htdocs\bottlemate\protected\controllers\MessageController.php(8): CController->render('helloWorld')
#8 C:\xampp\htdocs\yii\framework\web\actions\CInlineAction.php(50): MessageController->actionHelloWorld()
#9 C:\xampp\htdocs\yii\framework\web\CController.php(309): CInlineAction->runWithParams(Array)
#10 C:\xampp\htdocs\yii\framework\web\CController.php(287): CController->runAction(Object(CInlineAction))
#11 C:\xampp\htdocs\yii\framework\web\CController.php(266): CController->runActionWithFilters(Object(CInlineAction), Array)
#12 C:\xampp\htdocs\yii\framework\web\CWebApplication.php(283): CController->run('helloworld')
#13 C:\xampp\htdocs\yii\framework\web\CWebApplication.php(142): CWebApplication->runController('message/hellowo...')
#14 C:\xampp\htdocs\yii\framework\base\CApplication.php(162): CWebApplication->processRequest()
#15 C:\xampp\htdocs\bottlemate\index.php(13): CApplication->run()
#16 {main}
REQUEST_URI=/bottlemate/index.php?r=message/helloworld
---
2012/09/13 03:25:47 [error] [exception.CException] exception 'CException' with message 'MessageController cannot find the requested view "Thu Sep 13 3:25:47 CEST 2012".' in C:\xampp\htdocs\yii\framework\web\CController.php:879
Stack trace:
#0 C:\xampp\htdocs\yii\framework\web\CController.php(783): CController->renderPartial('Thu Sep 13 3:25...', NULL, true)
#1 C:\xampp\htdocs\bottlemate\protected\controllers\MessageController.php(14): CController->render('Thu Sep 13 3:25...')
#2 C:\xampp\htdocs\bottlemate\protected\views\message\helloWorld.php(8): MessageController->time()
#3 C:\xampp\htdocs\yii\framework\web\CBaseController.php(127): require('C:\xampp\htdocs...')
#4 C:\xampp\htdocs\yii\framework\web\CBaseController.php(96): CBaseController->renderInternal('C:\xampp\htdocs...', NULL, true)
#5 C:\xampp\htdocs\yii\framework\web\CController.php(870): CBaseController->renderFile('C:\xampp\htdocs...', NULL, true)
#6 C:\xampp\htdocs\yii\framework\web\CController.php(783): CController->renderPartial('helloWorld', NULL, true)
#7 C:\xampp\htdocs\bottlemate\protected\controllers\MessageController.php(8): CController->render('helloWorld')
#8 C:\xampp\htdocs\yii\framework\web\actions\CInlineAction.php(50): MessageController->actionHelloWorld()
#9 C:\xampp\htdocs\yii\framework\web\CController.php(309): CInlineAction->runWithParams(Array)
#10 C:\xampp\htdocs\yii\framework\web\CController.php(287): CController->runAction(Object(CInlineAction))
#11 C:\xampp\htdocs\yii\framework\web\CController.php(266): CController->runActionWithFilters(Object(CInlineAction), Array)
#12 C:\xampp\htdocs\yii\framework\web\CWebApplication.php(283): CController->run('helloworld')
#13 C:\xampp\htdocs\yii\framework\web\CWebApplication.php(142): CWebApplication->runController('message/hellowo...')
#14 C:\xampp\htdocs\yii\framework\base\CApplication.php(162): CWebApplication->processRequest()
#15 C:\xampp\htdocs\bottlemate\index.php(13): CApplication->run()
#16 {main}
REQUEST_URI=/bottlemate/index.php?r=message/helloworld
---
2012/09/13 03:30:45 [error] [exception.CException] exception 'CException' with message 'Property "CInlineAction.time" is not defined.' in C:\xampp\htdocs\yii\framework\base\CComponent.php:131
Stack trace:
#0 C:\xampp\htdocs\bottlemate\protected\views\message\helloWorld.php(8): CComponent->__get('time')
#1 C:\xampp\htdocs\yii\framework\web\CBaseController.php(127): require('C:\xampp\htdocs...')
#2 C:\xampp\htdocs\yii\framework\web\CBaseController.php(96): CBaseController->renderInternal('C:\xampp\htdocs...', NULL, true)
#3 C:\xampp\htdocs\yii\framework\web\CController.php(870): CBaseController->renderFile('C:\xampp\htdocs...', NULL, true)
#4 C:\xampp\htdocs\yii\framework\web\CController.php(783): CController->renderPartial('helloWorld', NULL, true)
#5 C:\xampp\htdocs\bottlemate\protected\controllers\MessageController.php(8): CController->render('helloWorld')
#6 C:\xampp\htdocs\yii\framework\web\actions\CInlineAction.php(50): MessageController->actionHelloWorld()
#7 C:\xampp\htdocs\yii\framework\web\CController.php(309): CInlineAction->runWithParams(Array)
#8 C:\xampp\htdocs\yii\framework\web\CController.php(287): CController->runAction(Object(CInlineAction))
#9 C:\xampp\htdocs\yii\framework\web\CController.php(266): CController->runActionWithFilters(Object(CInlineAction), Array)
#10 C:\xampp\htdocs\yii\framework\web\CWebApplication.php(283): CController->run('helloworld')
#11 C:\xampp\htdocs\yii\framework\web\CWebApplication.php(142): CWebApplication->runController('message/hellowo...')
#12 C:\xampp\htdocs\yii\framework\base\CApplication.php(162): CWebApplication->processRequest()
#13 C:\xampp\htdocs\bottlemate\index.php(13): CApplication->run()
#14 {main}
REQUEST_URI=/bottlemate/index.php?r=message/helloworld
---
2012/09/13 03:39:13 [error] [php] Undefined variable: theTime (C:\xampp\htdocs\bottlemate\protected\views\message\helloWorld.php:8)
Stack trace:
#0 C:\xampp\htdocs\yii\framework\web\CController.php(870): MessageController->renderFile()
#1 C:\xampp\htdocs\yii\framework\web\CController.php(783): MessageController->renderPartial()
#2 C:\xampp\htdocs\bottlemate\protected\controllers\MessageController.php(8): MessageController->render()
#3 C:\xampp\htdocs\yii\framework\web\actions\CInlineAction.php(50): MessageController->actionHelloWorld()
#4 C:\xampp\htdocs\yii\framework\web\CController.php(309): CInlineAction->runWithParams()
#5 C:\xampp\htdocs\yii\framework\web\CController.php(287): MessageController->runAction()
#6 C:\xampp\htdocs\yii\framework\web\CController.php(266): MessageController->runActionWithFilters()
#7 C:\xampp\htdocs\yii\framework\web\CWebApplication.php(283): MessageController->run()
#8 C:\xampp\htdocs\yii\framework\web\CWebApplication.php(142): CWebApplication->runController()
#9 C:\xampp\htdocs\yii\framework\base\CApplication.php(162): CWebApplication->processRequest()
#10 C:\xampp\htdocs\bottlemate\index.php(13): CWebApplication->run()
REQUEST_URI=/bottlemate/index.php?r=message/helloworld
in C:\xampp\htdocs\bottlemate\protected\views\message\helloWorld.php (8)
in C:\xampp\htdocs\bottlemate\protected\controllers\MessageController.php (8)
in C:\xampp\htdocs\bottlemate\index.php (13)
2012/09/13 03:39:14 [error] [php] Undefined variable: theTime (C:\xampp\htdocs\bottlemate\protected\views\message\helloWorld.php:8)
Stack trace:
#0 C:\xampp\htdocs\yii\framework\web\CController.php(870): MessageController->renderFile()
#1 C:\xampp\htdocs\yii\framework\web\CController.php(783): MessageController->renderPartial()
#2 C:\xampp\htdocs\bottlemate\protected\controllers\MessageController.php(8): MessageController->render()
#3 C:\xampp\htdocs\yii\framework\web\actions\CInlineAction.php(50): MessageController->actionHelloWorld()
#4 C:\xampp\htdocs\yii\framework\web\CController.php(309): CInlineAction->runWithParams()
#5 C:\xampp\htdocs\yii\framework\web\CController.php(287): MessageController->runAction()
#6 C:\xampp\htdocs\yii\framework\web\CController.php(266): MessageController->runActionWithFilters()
#7 C:\xampp\htdocs\yii\framework\web\CWebApplication.php(283): MessageController->run()
#8 C:\xampp\htdocs\yii\framework\web\CWebApplication.php(142): CWebApplication->runController()
#9 C:\xampp\htdocs\yii\framework\base\CApplication.php(162): CWebApplication->processRequest()
#10 C:\xampp\htdocs\bottlemate\index.php(13): CWebApplication->run()
REQUEST_URI=/bottlemate/index.php?r=message/helloworld
in C:\xampp\htdocs\bottlemate\protected\views\message\helloWorld.php (8)
in C:\xampp\htdocs\bottlemate\protected\controllers\MessageController.php (8)
in C:\xampp\htdocs\bottlemate\index.php (13)
2012/09/13 03:40:32 [error] [php] Undefined variable: time (C:\xampp\htdocs\bottlemate\protected\views\message\helloWorld.php:8)
Stack trace:
#0 C:\xampp\htdocs\yii\framework\web\CController.php(870): MessageController->renderFile()
#1 C:\xampp\htdocs\yii\framework\web\CController.php(783): MessageController->renderPartial()
#2 C:\xampp\htdocs\bottlemate\protected\controllers\MessageController.php(8): MessageController->render()
#3 C:\xampp\htdocs\yii\framework\web\actions\CInlineAction.php(50): MessageController->actionHelloWorld()
#4 C:\xampp\htdocs\yii\framework\web\CController.php(309): CInlineAction->runWithParams()
#5 C:\xampp\htdocs\yii\framework\web\CController.php(287): MessageController->runAction()
#6 C:\xampp\htdocs\yii\framework\web\CController.php(266): MessageController->runActionWithFilters()
#7 C:\xampp\htdocs\yii\framework\web\CWebApplication.php(283): MessageController->run()
#8 C:\xampp\htdocs\yii\framework\web\CWebApplication.php(142): CWebApplication->runController()
#9 C:\xampp\htdocs\yii\framework\base\CApplication.php(162): CWebApplication->processRequest()
#10 C:\xampp\htdocs\bottlemate\index.php(13): CWebApplication->run()
REQUEST_URI=/bottlemate/index.php?r=message/helloworld
in C:\xampp\htdocs\bottlemate\protected\views\message\helloWorld.php (8)
in C:\xampp\htdocs\bottlemate\protected\controllers\MessageController.php (8)
in C:\xampp\htdocs\bottlemate\index.php (13)
2012/09/13 03:40:33 [error] [php] Undefined variable: time (C:\xampp\htdocs\bottlemate\protected\views\message\helloWorld.php:8)
Stack trace:
#0 C:\xampp\htdocs\yii\framework\web\CController.php(870): MessageController->renderFile()
#1 C:\xampp\htdocs\yii\framework\web\CController.php(783): MessageController->renderPartial()
#2 C:\xampp\htdocs\bottlemate\protected\controllers\MessageController.php(8): MessageController->render()
#3 C:\xampp\htdocs\yii\framework\web\actions\CInlineAction.php(50): MessageController->actionHelloWorld()
#4 C:\xampp\htdocs\yii\framework\web\CController.php(309): CInlineAction->runWithParams()
#5 C:\xampp\htdocs\yii\framework\web\CController.php(287): MessageController->runAction()
#6 C:\xampp\htdocs\yii\framework\web\CController.php(266): MessageController->runActionWithFilters()
#7 C:\xampp\htdocs\yii\framework\web\CWebApplication.php(283): MessageController->run()
#8 C:\xampp\htdocs\yii\framework\web\CWebApplication.php(142): CWebApplication->runController()
#9 C:\xampp\htdocs\yii\framework\base\CApplication.php(162): CWebApplication->processRequest()
#10 C:\xampp\htdocs\bottlemate\index.php(13): CWebApplication->run()
REQUEST_URI=/bottlemate/index.php?r=message/helloworld
in C:\xampp\htdocs\bottlemate\protected\views\message\helloWorld.php (8)
in C:\xampp\htdocs\bottlemate\protected\controllers\MessageController.php (8)
in C:\xampp\htdocs\bottlemate\index.php (13)
2012/09/13 03:40:33 [error] [php] Undefined variable: time (C:\xampp\htdocs\bottlemate\protected\views\message\helloWorld.php:8)
Stack trace:
#0 C:\xampp\htdocs\yii\framework\web\CController.php(870): MessageController->renderFile()
#1 C:\xampp\htdocs\yii\framework\web\CController.php(783): MessageController->renderPartial()
#2 C:\xampp\htdocs\bottlemate\protected\controllers\MessageController.php(8): MessageController->render()
#3 C:\xampp\htdocs\yii\framework\web\actions\CInlineAction.php(50): MessageController->actionHelloWorld()
#4 C:\xampp\htdocs\yii\framework\web\CController.php(309): CInlineAction->runWithParams()
#5 C:\xampp\htdocs\yii\framework\web\CController.php(287): MessageController->runAction()
#6 C:\xampp\htdocs\yii\framework\web\CController.php(266): MessageController->runActionWithFilters()
#7 C:\xampp\htdocs\yii\framework\web\CWebApplication.php(283): MessageController->run()
#8 C:\xampp\htdocs\yii\framework\web\CWebApplication.php(142): CWebApplication->runController()
#9 C:\xampp\htdocs\yii\framework\base\CApplication.php(162): CWebApplication->processRequest()
#10 C:\xampp\htdocs\bottlemate\index.php(13): CWebApplication->run()
REQUEST_URI=/bottlemate/index.php?r=message/helloworld
in C:\xampp\htdocs\bottlemate\protected\views\message\helloWorld.php (8)
in C:\xampp\htdocs\bottlemate\protected\controllers\MessageController.php (8)
in C:\xampp\htdocs\bottlemate\index.php (13)
2012/09/13 03:40:33 [error] [php] Undefined variable: time (C:\xampp\htdocs\bottlemate\protected\views\message\helloWorld.php:8)
Stack trace:
#0 C:\xampp\htdocs\yii\framework\web\CController.php(870): MessageController->renderFile()
#1 C:\xampp\htdocs\yii\framework\web\CController.php(783): MessageController->renderPartial()
#2 C:\xampp\htdocs\bottlemate\protected\controllers\MessageController.php(8): MessageController->render()
#3 C:\xampp\htdocs\yii\framework\web\actions\CInlineAction.php(50): MessageController->actionHelloWorld()
#4 C:\xampp\htdocs\yii\framework\web\CController.php(309): CInlineAction->runWithParams()
#5 C:\xampp\htdocs\yii\framework\web\CController.php(287): MessageController->runAction()
#6 C:\xampp\htdocs\yii\framework\web\CController.php(266): MessageController->runActionWithFilters()
#7 C:\xampp\htdocs\yii\framework\web\CWebApplication.php(283): MessageController->run()
#8 C:\xampp\htdocs\yii\framework\web\CWebApplication.php(142): CWebApplication->runController()
#9 C:\xampp\htdocs\yii\framework\base\CApplication.php(162): CWebApplication->processRequest()
#10 C:\xampp\htdocs\bottlemate\index.php(13): CWebApplication->run()
REQUEST_URI=/bottlemate/index.php?r=message/helloworld
in C:\xampp\htdocs\bottlemate\protected\views\message\helloWorld.php (8)
in C:\xampp\htdocs\bottlemate\protected\controllers\MessageController.php (8)
in C:\xampp\htdocs\bottlemate\index.php (13)
2012/09/13 03:40:33 [error] [php] Undefined variable: time (C:\xampp\htdocs\bottlemate\protected\views\message\helloWorld.php:8)
Stack trace:
#0 C:\xampp\htdocs\yii\framework\web\CController.php(870): MessageController->renderFile()
#1 C:\xampp\htdocs\yii\framework\web\CController.php(783): MessageController->renderPartial()
#2 C:\xampp\htdocs\bottlemate\protected\controllers\MessageController.php(8): MessageController->render()
#3 C:\xampp\htdocs\yii\framework\web\actions\CInlineAction.php(50): MessageController->actionHelloWorld()
#4 C:\xampp\htdocs\yii\framework\web\CController.php(309): CInlineAction->runWithParams()
#5 C:\xampp\htdocs\yii\framework\web\CController.php(287): MessageController->runAction()
#6 C:\xampp\htdocs\yii\framework\web\CController.php(266): MessageController->runActionWithFilters()
#7 C:\xampp\htdocs\yii\framework\web\CWebApplication.php(283): MessageController->run()
#8 C:\xampp\htdocs\yii\framework\web\CWebApplication.php(142): CWebApplication->runController()
#9 C:\xampp\htdocs\yii\framework\base\CApplication.php(162): CWebApplication->processRequest()
#10 C:\xampp\htdocs\bottlemate\index.php(13): CWebApplication->run()
REQUEST_URI=/bottlemate/index.php?r=message/helloworld
in C:\xampp\htdocs\bottlemate\protected\views\message\helloWorld.php (8)
in C:\xampp\htdocs\bottlemate\protected\controllers\MessageController.php (8)
in C:\xampp\htdocs\bottlemate\index.php (13)
2012/09/13 03:40:33 [error] [php] Undefined variable: time (C:\xampp\htdocs\bottlemate\protected\views\message\helloWorld.php:8)
Stack trace:
#0 C:\xampp\htdocs\yii\framework\web\CController.php(870): MessageController->renderFile()
#1 C:\xampp\htdocs\yii\framework\web\CController.php(783): MessageController->renderPartial()
#2 C:\xampp\htdocs\bottlemate\protected\controllers\MessageController.php(8): MessageController->render()
#3 C:\xampp\htdocs\yii\framework\web\actions\CInlineAction.php(50): MessageController->actionHelloWorld()
#4 C:\xampp\htdocs\yii\framework\web\CController.php(309): CInlineAction->runWithParams()
#5 C:\xampp\htdocs\yii\framework\web\CController.php(287): MessageController->runAction()
#6 C:\xampp\htdocs\yii\framework\web\CController.php(266): MessageController->runActionWithFilters()
#7 C:\xampp\htdocs\yii\framework\web\CWebApplication.php(283): MessageController->run()
#8 C:\xampp\htdocs\yii\framework\web\CWebApplication.php(142): CWebApplication->runController()
#9 C:\xampp\htdocs\yii\framework\base\CApplication.php(162): CWebApplication->processRequest()
#10 C:\xampp\htdocs\bottlemate\index.php(13): CWebApplication->run()
REQUEST_URI=/bottlemate/index.php?r=message/helloworld
in C:\xampp\htdocs\bottlemate\protected\views\message\helloWorld.php (8)
in C:\xampp\htdocs\bottlemate\protected\controllers\MessageController.php (8)
in C:\xampp\htdocs\bottlemate\index.php (13)
2012/09/13 03:40:34 [error] [php] Undefined variable: time (C:\xampp\htdocs\bottlemate\protected\views\message\helloWorld.php:8)
Stack trace:
#0 C:\xampp\htdocs\yii\framework\web\CController.php(870): MessageController->renderFile()
#1 C:\xampp\htdocs\yii\framework\web\CController.php(783): MessageController->renderPartial()
#2 C:\xampp\htdocs\bottlemate\protected\controllers\MessageController.php(8): MessageController->render()
#3 C:\xampp\htdocs\yii\framework\web\actions\CInlineAction.php(50): MessageController->actionHelloWorld()
#4 C:\xampp\htdocs\yii\framework\web\CController.php(309): CInlineAction->runWithParams()
#5 C:\xampp\htdocs\yii\framework\web\CController.php(287): MessageController->runAction()
#6 C:\xampp\htdocs\yii\framework\web\CController.php(266): MessageController->runActionWithFilters()
#7 C:\xampp\htdocs\yii\framework\web\CWebApplication.php(283): MessageController->run()
#8 C:\xampp\htdocs\yii\framework\web\CWebApplication.php(142): CWebApplication->runController()
#9 C:\xampp\htdocs\yii\framework\base\CApplication.php(162): CWebApplication->processRequest()
#10 C:\xampp\htdocs\bottlemate\index.php(13): CWebApplication->run()
REQUEST_URI=/bottlemate/index.php?r=message/helloworld
in C:\xampp\htdocs\bottlemate\protected\views\message\helloWorld.php (8)
in C:\xampp\htdocs\bottlemate\protected\controllers\MessageController.php (8)
in C:\xampp\htdocs\bottlemate\index.php (13)
2012/09/13 03:40:34 [error] [php] Undefined variable: time (C:\xampp\htdocs\bottlemate\protected\views\message\helloWorld.php:8)
Stack trace:
#0 C:\xampp\htdocs\yii\framework\web\CController.php(870): MessageController->renderFile()
#1 C:\xampp\htdocs\yii\framework\web\CController.php(783): MessageController->renderPartial()
#2 C:\xampp\htdocs\bottlemate\protected\controllers\MessageController.php(8): MessageController->render()
#3 C:\xampp\htdocs\yii\framework\web\actions\CInlineAction.php(50): MessageController->actionHelloWorld()
#4 C:\xampp\htdocs\yii\framework\web\CController.php(309): CInlineAction->runWithParams()
#5 C:\xampp\htdocs\yii\framework\web\CController.php(287): MessageController->runAction()
#6 C:\xampp\htdocs\yii\framework\web\CController.php(266): MessageController->runActionWithFilters()
#7 C:\xampp\htdocs\yii\framework\web\CWebApplication.php(283): MessageController->run()
#8 C:\xampp\htdocs\yii\framework\web\CWebApplication.php(142): CWebApplication->runController()
#9 C:\xampp\htdocs\yii\framework\base\CApplication.php(162): CWebApplication->processRequest()
#10 C:\xampp\htdocs\bottlemate\index.php(13): CWebApplication->run()
REQUEST_URI=/bottlemate/index.php?r=message/helloworld
in C:\xampp\htdocs\bottlemate\protected\views\message\helloWorld.php (8)
in C:\xampp\htdocs\bottlemate\protected\controllers\MessageController.php (8)
in C:\xampp\htdocs\bottlemate\index.php (13)
2012/09/13 03:40:34 [error] [php] Undefined variable: time (C:\xampp\htdocs\bottlemate\protected\views\message\helloWorld.php:8)
Stack trace:
#0 C:\xampp\htdocs\yii\framework\web\CController.php(870): MessageController->renderFile()
#1 C:\xampp\htdocs\yii\framework\web\CController.php(783): MessageController->renderPartial()
#2 C:\xampp\htdocs\bottlemate\protected\controllers\MessageController.php(8): MessageController->render()
#3 C:\xampp\htdocs\yii\framework\web\actions\CInlineAction.php(50): MessageController->actionHelloWorld()
#4 C:\xampp\htdocs\yii\framework\web\CController.php(309): CInlineAction->runWithParams()
#5 C:\xampp\htdocs\yii\framework\web\CController.php(287): MessageController->runAction()
#6 C:\xampp\htdocs\yii\framework\web\CController.php(266): MessageController->runActionWithFilters()
#7 C:\xampp\htdocs\yii\framework\web\CWebApplication.php(283): MessageController->run()
#8 C:\xampp\htdocs\yii\framework\web\CWebApplication.php(142): CWebApplication->runController()
#9 C:\xampp\htdocs\yii\framework\base\CApplication.php(162): CWebApplication->processRequest()
#10 C:\xampp\htdocs\bottlemate\index.php(13): CWebApplication->run()
REQUEST_URI=/bottlemate/index.php?r=message/helloworld
in C:\xampp\htdocs\bottlemate\protected\views\message\helloWorld.php (8)
in C:\xampp\htdocs\bottlemate\protected\controllers\MessageController.php (8)
in C:\xampp\htdocs\bottlemate\index.php (13)
2012/09/13 03:40:34 [error] [php] Undefined variable: time (C:\xampp\htdocs\bottlemate\protected\views\message\helloWorld.php:8)
Stack trace:
#0 C:\xampp\htdocs\yii\framework\web\CController.php(870): MessageController->renderFile()
#1 C:\xampp\htdocs\yii\framework\web\CController.php(783): MessageController->renderPartial()
#2 C:\xampp\htdocs\bottlemate\protected\controllers\MessageController.php(8): MessageController->render()
#3 C:\xampp\htdocs\yii\framework\web\actions\CInlineAction.php(50): MessageController->actionHelloWorld()
#4 C:\xampp\htdocs\yii\framework\web\CController.php(309): CInlineAction->runWithParams()
#5 C:\xampp\htdocs\yii\framework\web\CController.php(287): MessageController->runAction()
#6 C:\xampp\htdocs\yii\framework\web\CController.php(266): MessageController->runActionWithFilters()
#7 C:\xampp\htdocs\yii\framework\web\CWebApplication.php(283): MessageController->run()
#8 C:\xampp\htdocs\yii\framework\web\CWebApplication.php(142): CWebApplication->runController()
#9 C:\xampp\htdocs\yii\framework\base\CApplication.php(162): CWebApplication->processRequest()
#10 C:\xampp\htdocs\bottlemate\index.php(13): CWebApplication->run()
REQUEST_URI=/bottlemate/index.php?r=message/helloworld
in C:\xampp\htdocs\bottlemate\protected\views\message\helloWorld.php (8)
in C:\xampp\htdocs\bottlemate\protected\controllers\MessageController.php (8)
in C:\xampp\htdocs\bottlemate\index.php (13)
2012/09/13 03:40:34 [error] [php] Undefined variable: time (C:\xampp\htdocs\bottlemate\protected\views\message\helloWorld.php:8)
Stack trace:
#0 C:\xampp\htdocs\yii\framework\web\CController.php(870): MessageController->renderFile()
#1 C:\xampp\htdocs\yii\framework\web\CController.php(783): MessageController->renderPartial()
#2 C:\xampp\htdocs\bottlemate\protected\controllers\MessageController.php(8): MessageController->render()
#3 C:\xampp\htdocs\yii\framework\web\actions\CInlineAction.php(50): MessageController->actionHelloWorld()
#4 C:\xampp\htdocs\yii\framework\web\CController.php(309): CInlineAction->runWithParams()
#5 C:\xampp\htdocs\yii\framework\web\CController.php(287): MessageController->runAction()
#6 C:\xampp\htdocs\yii\framework\web\CController.php(266): MessageController->runActionWithFilters()
#7 C:\xampp\htdocs\yii\framework\web\CWebApplication.php(283): MessageController->run()
#8 C:\xampp\htdocs\yii\framework\web\CWebApplication.php(142): CWebApplication->runController()
#9 C:\xampp\htdocs\yii\framework\base\CApplication.php(162): CWebApplication->processRequest()
#10 C:\xampp\htdocs\bottlemate\index.php(13): CWebApplication->run()
REQUEST_URI=/bottlemate/index.php?r=message/helloworld
in C:\xampp\htdocs\bottlemate\protected\views\message\helloWorld.php (8)
in C:\xampp\htdocs\bottlemate\protected\controllers\MessageController.php (8)
in C:\xampp\htdocs\bottlemate\index.php (13)
2012/09/13 03:40:35 [error] [php] Undefined variable: time (C:\xampp\htdocs\bottlemate\protected\views\message\helloWorld.php:8)
Stack trace:
#0 C:\xampp\htdocs\yii\framework\web\CController.php(870): MessageController->renderFile()
#1 C:\xampp\htdocs\yii\framework\web\CController.php(783): MessageController->renderPartial()
#2 C:\xampp\htdocs\bottlemate\protected\controllers\MessageController.php(8): MessageController->render()
#3 C:\xampp\htdocs\yii\framework\web\actions\CInlineAction.php(50): MessageController->actionHelloWorld()
#4 C:\xampp\htdocs\yii\framework\web\CController.php(309): CInlineAction->runWithParams()
#5 C:\xampp\htdocs\yii\framework\web\CController.php(287): MessageController->runAction()
#6 C:\xampp\htdocs\yii\framework\web\CController.php(266): MessageController->runActionWithFilters()
#7 C:\xampp\htdocs\yii\framework\web\CWebApplication.php(283): MessageController->run()
#8 C:\xampp\htdocs\yii\framework\web\CWebApplication.php(142): CWebApplication->runController()
#9 C:\xampp\htdocs\yii\framework\base\CApplication.php(162): CWebApplication->processRequest()
#10 C:\xampp\htdocs\bottlemate\index.php(13): CWebApplication->run()
REQUEST_URI=/bottlemate/index.php?r=message/helloworld
in C:\xampp\htdocs\bottlemate\protected\views\message\helloWorld.php (8)
in C:\xampp\htdocs\bottlemate\protected\controllers\MessageController.php (8)
in C:\xampp\htdocs\bottlemate\index.php (13)
2012/09/13 03:40:35 [error] [php] Undefined variable: time (C:\xampp\htdocs\bottlemate\protected\views\message\helloWorld.php:8)
Stack trace:
#0 C:\xampp\htdocs\yii\framework\web\CController.php(870): MessageController->renderFile()
#1 C:\xampp\htdocs\yii\framework\web\CController.php(783): MessageController->renderPartial()
#2 C:\xampp\htdocs\bottlemate\protected\controllers\MessageController.php(8): MessageController->render()
#3 C:\xampp\htdocs\yii\framework\web\actions\CInlineAction.php(50): MessageController->actionHelloWorld()
#4 C:\xampp\htdocs\yii\framework\web\CController.php(309): CInlineAction->runWithParams()
#5 C:\xampp\htdocs\yii\framework\web\CController.php(287): MessageController->runAction()
#6 C:\xampp\htdocs\yii\framework\web\CController.php(266): MessageController->runActionWithFilters()
#7 C:\xampp\htdocs\yii\framework\web\CWebApplication.php(283): MessageController->run()
#8 C:\xampp\htdocs\yii\framework\web\CWebApplication.php(142): CWebApplication->runController()
#9 C:\xampp\htdocs\yii\framework\base\CApplication.php(162): CWebApplication->processRequest()
#10 C:\xampp\htdocs\bottlemate\index.php(13): CWebApplication->run()
REQUEST_URI=/bottlemate/index.php?r=message/helloworld
in C:\xampp\htdocs\bottlemate\protected\views\message\helloWorld.php (8)
in C:\xampp\htdocs\bottlemate\protected\controllers\MessageController.php (8)
in C:\xampp\htdocs\bottlemate\index.php (13)
2012/09/13 03:41:39 [error] [php] Undefined variable: time (C:\xampp\htdocs\bottlemate\protected\views\message\helloWorld.php:8)
Stack trace:
#0 C:\xampp\htdocs\yii\framework\web\CController.php(870): MessageController->renderFile()
#1 C:\xampp\htdocs\yii\framework\web\CController.php(783): MessageController->renderPartial()
#2 C:\xampp\htdocs\bottlemate\protected\controllers\MessageController.php(8): MessageController->render()
#3 C:\xampp\htdocs\yii\framework\web\actions\CInlineAction.php(50): MessageController->actionHelloWorld()
#4 C:\xampp\htdocs\yii\framework\web\CController.php(309): CInlineAction->runWithParams()
#5 C:\xampp\htdocs\yii\framework\web\CController.php(287): MessageController->runAction()
#6 C:\xampp\htdocs\yii\framework\web\CController.php(266): MessageController->runActionWithFilters()
#7 C:\xampp\htdocs\yii\framework\web\CWebApplication.php(283): MessageController->run()
#8 C:\xampp\htdocs\yii\framework\web\CWebApplication.php(142): CWebApplication->runController()
#9 C:\xampp\htdocs\yii\framework\base\CApplication.php(162): CWebApplication->processRequest()
#10 C:\xampp\htdocs\bottlemate\index.php(13): CWebApplication->run()
REQUEST_URI=/bottlemate/index.php?r=message/helloworld
in C:\xampp\htdocs\bottlemate\protected\views\message\helloWorld.php (8)
in C:\xampp\htdocs\bottlemate\protected\controllers\MessageController.php (8)
in C:\xampp\htdocs\bottlemate\index.php (13)
